<?xml version="1.0" encoding="UTF-8"?>
<!-- Generated by org.testng.reporters.JUnitReportReporter -->
<testsuite hostname="Khushbu-PC" failures="0" tests="1" name="TestScenarios.TestScenarios" time="17.438" errors="0" timestamp="2022-10-19T22:16:50 EDT" skipped="0">
  <testcase classname="TestScenarios.TestScenarios" name="FileUpload" time="17.438"/>
  <system-out/>
</testsuite> <!-- TestScenarios.TestScenarios -->
