<?xml version="1.0" encoding="UTF-8"?>
<!-- Generated by org.testng.reporters.JUnitReportReporter -->
<testsuite hostname="Khushbu-PC" failures="0" tests="1" name="TestScenarios.LoginPageScenario" time="1.024" errors="0" timestamp="2022-10-18T17:02:07 EDT" skipped="0">
  <testcase classname="TestScenarios.LoginPageScenario" name="LoginSuccess" time="1.024"/>
  <system-out/>
</testsuite> <!-- TestScenarios.LoginPageScenario -->
